# JRE version: Java(TM) SE Runtime Environment (8.0_251-b08) (build 1.8.0_251-b08)
# Java VM: Java HotSpot(TM) 64-Bit Server VM (25.251-b08 mixed mode windows-amd64 compressed oops)
Heap:
 PSYoungGen      total 141312K, used 88428K [0x00000000d5f00000, 0x00000000e3b00000, 0x0000000100000000)
  eden space 138752K, 62% used [0x00000000d5f00000,0x00000000db3031a0,0x00000000de680000)
  from space 2560K, 93% used [0x00000000e2500000,0x00000000e2758000,0x00000000e2780000)
  to   space 12288K, 0% used [0x00000000e2f00000,0x00000000e2f00000,0x00000000e3b00000)
 ParOldGen       total 77824K, used 52653K [0x0000000081c00000, 0x0000000086800000, 0x00000000d5f00000)
  object space 77824K, 67% used [0x0000000081c00000,0x0000000084f6b5d8,0x0000000086800000)
 Metaspace       used 3990K, capacity 4946K, committed 5120K, reserved 1056768K
  class space    used 402K, capacity 450K, committed 512K, reserved 1048576K
GC Heap History (10 events):
Event: 719.360 GC heap before
{Heap before GC invocations=2379 (full 42):
 PSYoungGen      total 171008K, used 170528K [0x00000000d5f00000, 0x00000000e5680000, 0x0000000100000000)
  eden space 167424K, 100% used [0x00000000d5f00000,0x00000000e0280000,0x00000000e0280000)
  from space 3584K, 86% used [0x00000000e5300000,0x00000000e5608000,0x00000000e5680000)
  to   space 12800K, 0% used [0x00000000e3d80000,0x00000000e3d80000,0x00000000e4a00000)
 ParOldGen       total 77824K, used 35629K [0x0000000081c00000, 0x0000000086800000, 0x00000000d5f00000)
  object space 77824K, 45% used [0x0000000081c00000,0x0000000083ecb5d8,0x0000000086800000)
 Metaspace       used 3990K, capacity 4946K, committed 5120K, reserved 1056768K
  class space    used 402K, capacity 450K, committed 512K, reserved 1048576K
Event: 719.369 GC heap after
Heap after GC invocations=2379 (full 42):
 PSYoungGen      total 170496K, used 8832K [0x00000000d5f00000, 0x00000000e5380000, 0x0000000100000000)
  eden space 161280K, 0% used [0x00000000d5f00000,0x00000000d5f00000,0x00000000dfc80000)
  from space 9216K, 95% used [0x00000000e3d80000,0x00000000e4620000,0x00000000e4680000)
  to   space 13312K, 0% used [0x00000000e4680000,0x00000000e4680000,0x00000000e5380000)
 ParOldGen       total 77824K, used 37533K [0x0000000081c00000, 0x0000000086800000, 0x00000000d5f00000)
  object space 77824K, 48% used [0x0000000081c00000,0x00000000840a75d8,0x0000000086800000)
 Metaspace       used 3990K, capacity 4946K, committed 5120K, reserved 1056768K
  class space    used 402K, capacity 450K, committed 512K, reserved 1048576K
}
Event: 720.131 GC heap before
{Heap before GC invocations=2380 (full 42):
 PSYoungGen      total 170496K, used 170112K [0x00000000d5f00000, 0x00000000e5380000, 0x0000000100000000)
  eden space 161280K, 100% used [0x00000000d5f00000,0x00000000dfc80000,0x00000000dfc80000)
  from space 9216K, 95% used [0x00000000e3d80000,0x00000000e4620000,0x00000000e4680000)
  to   space 13312K, 0% used [0x00000000e4680000,0x00000000e4680000,0x00000000e5380000)
 ParOldGen       total 77824K, used 37533K [0x0000000081c00000, 0x0000000086800000, 0x00000000d5f00000)
  object space 77824K, 48% used [0x0000000081c00000,0x00000000840a75d8,0x0000000086800000)
 Metaspace       used 3990K, capacity 4946K, committed 5120K, reserved 1056768K
  class space    used 402K, capacity 450K, committed 512K, reserved 1048576K
Event: 720.139 GC heap after
Heap after GC invocations=2380 (full 42):
 PSYoungGen      total 160256K, used 4768K [0x00000000d5f00000, 0x00000000e4b80000, 0x0000000100000000)
  eden space 155136K, 0% used [0x00000000d5f00000,0x00000000d5f00000,0x00000000df680000)
  from space 5120K, 93% used [0x00000000e4680000,0x00000000e4b28000,0x00000000e4b80000)
  to   space 12800K, 0% used [0x00000000e3280000,0x00000000e3280000,0x00000000e3f00000)
 ParOldGen       total 77824K, used 43501K [0x0000000081c00000, 0x0000000086800000, 0x00000000d5f00000)
  object space 77824K, 55% used [0x0000000081c00000,0x000000008467b5d8,0x0000000086800000)
 Metaspace       used 3990K, capacity 4946K, committed 5120K, reserved 1056768K
  class space    used 402K, capacity 450K, committed 512K, reserved 1048576K
}
Event: 720.680 GC heap before
{Heap before GC invocations=2381 (full 42):
 PSYoungGen      total 160256K, used 159904K [0x00000000d5f00000, 0x00000000e4b80000, 0x0000000100000000)
  eden space 155136K, 100% used [0x00000000d5f00000,0x00000000df680000,0x00000000df680000)
  from space 5120K, 93% used [0x00000000e4680000,0x00000000e4b28000,0x00000000e4b80000)
  to   space 12800K, 0% used [0x00000000e3280000,0x00000000e3280000,0x00000000e3f00000)
 ParOldGen       total 77824K, used 43501K [0x0000000081c00000, 0x0000000086800000, 0x00000000d5f00000)
  object space 77824K, 55% used [0x0000000081c00000,0x000000008467b5d8,0x0000000086800000)
 Metaspace       used 3990K, capacity 4946K, committed 5120K, reserved 1056768K
  class space    used 402K, capacity 450K, committed 512K, reserved 1048576K
Event: 720.685 GC heap after
Heap after GC invocations=2381 (full 42):
 PSYoungGen      total 152576K, used 2880K [0x00000000d5f00000, 0x00000000e4700000, 0x0000000100000000)
  eden space 149504K, 0% used [0x00000000d5f00000,0x00000000d5f00000,0x00000000df100000)
  from space 3072K, 93% used [0x00000000e3280000,0x00000000e3550000,0x00000000e3580000)
  to   space 12800K, 0% used [0x00000000e3a80000,0x00000000e3a80000,0x00000000e4700000)
 ParOldGen       total 77824K, used 47941K [0x0000000081c00000, 0x0000000086800000, 0x00000000d5f00000)
  object space 77824K, 61% used [0x0000000081c00000,0x0000000084ad15d8,0x0000000086800000)
 Metaspace       used 3990K, capacity 4946K, committed 5120K, reserved 1056768K
  class space    used 402K, capacity 450K, committed 512K, reserved 1048576K
}
Event: 721.182 GC heap before
{Heap before GC invocations=2382 (full 42):
 PSYoungGen      total 152576K, used 152384K [0x00000000d5f00000, 0x00000000e4700000, 0x0000000100000000)
  eden space 149504K, 100% used [0x00000000d5f00000,0x00000000df100000,0x00000000df100000)
  from space 3072K, 93% used [0x00000000e3280000,0x00000000e3550000,0x00000000e3580000)
  to   space 12800K, 0% used [0x00000000e3a80000,0x00000000e3a80000,0x00000000e4700000)
 ParOldGen       total 77824K, used 47941K [0x0000000081c00000, 0x0000000086800000, 0x00000000d5f00000)
  object space 77824K, 61% used [0x0000000081c00000,0x0000000084ad15d8,0x0000000086800000)
 Metaspace       used 3990K, capacity 4946K, committed 5120K, reserved 1056768K
  class space    used 402K, capacity 450K, committed 512K, reserved 1048576K
Event: 721.186 GC heap after
Heap after GC invocations=2382 (full 42):
 PSYoungGen      total 146432K, used 2528K [0x00000000d5f00000, 0x00000000e3d00000, 0x0000000100000000)
  eden space 143872K, 0% used [0x00000000d5f00000,0x00000000d5f00000,0x00000000deb80000)
  from space 2560K, 98% used [0x00000000e3a80000,0x00000000e3cf8000,0x00000000e3d00000)
  to   space 12288K, 0% used [0x00000000e2500000,0x00000000e2500000,0x00000000e3100000)
 ParOldGen       total 77824K, used 50453K [0x0000000081c00000, 0x0000000086800000, 0x00000000d5f00000)
  object space 77824K, 64% used [0x0000000081c00000,0x0000000084d455d8,0x0000000086800000)
 Metaspace       used 3990K, capacity 4946K, committed 5120K, reserved 1056768K
  class space    used 402K, capacity 450K, committed 512K, reserved 1048576K
}
Event: 721.675 GC heap before
{Heap before GC invocations=2383 (full 42):
 PSYoungGen      total 146432K, used 146400K [0x00000000d5f00000, 0x00000000e3d00000, 0x0000000100000000)
  eden space 143872K, 100% used [0x00000000d5f00000,0x00000000deb80000,0x00000000deb80000)
  from space 2560K, 98% used [0x00000000e3a80000,0x00000000e3cf8000,0x00000000e3d00000)
  to   space 12288K, 0% used [0x00000000e2500000,0x00000000e2500000,0x00000000e3100000)
 ParOldGen       total 77824K, used 50453K [0x0000000081c00000, 0x0000000086800000, 0x00000000d5f00000)
  object space 77824K, 64% used [0x0000000081c00000,0x0000000084d455d8,0x0000000086800000)
 Metaspace       used 3990K, capacity 4946K, committed 5120K, reserved 1056768K
  class space    used 402K, capacity 450K, committed 512K, reserved 1048576K
Event: 721.678 GC heap after
Heap after GC invocations=2383 (full 42):
 PSYoungGen      total 141312K, used 2400K [0x00000000d5f00000, 0x00000000e3b00000, 0x0000000100000000)
  eden space 138752K, 0% used [0x00000000d5f00000,0x00000000d5f00000,0x00000000de680000)
  from space 2560K, 93% used [0x00000000e2500000,0x00000000e2758000,0x00000000e2780000)
  to   space 12288K, 0% used [0x00000000e2f00000,0x00000000e2f00000,0x00000000e3b00000)
 ParOldGen       total 77824K, used 52653K [0x0000000081c00000, 0x0000000086800000, 0x00000000d5f00000)
  object space 77824K, 67% used [0x0000000081c00000,0x0000000084f6b5d8,0x0000000086800000)
 Metaspace       used 3990K, capacity 4946K, committed 5120K, reserved 1056768K
  class space    used 402K, capacity 450K, committed 512K, reserved 1048576K
}

